1610310269947:help
1610310281509:a
1610310288663:exit
1610310404491:help
1610310406551:a
1610310865946:ф
1610310867851:a
1610311454970:help
1610311458696:new
1610315551738:a
1610315556340:help
1610315560198:new
1610315581344:new-author
1610315601258:stacktrace
1610315620765:new help
1610315624336:help new
1610315646426:new Test
1610315724587:a
1610315728673:help new
1610315750305:new Test
1610315756880:stacktrace\\
1610315957820:new Test
1610316017415:new Test Real 12.12.1990
1610316287450:a
1611677588765:help
1611677594784:a
1611677798272:new -n Test -rn Real Test Name -b 12.04.2000
1611677814019:new -n Test -rn "Real Test Name" -b 12.04.2000
1611677816468:a
1611678929454:a+ Test й
1611678948279:a+ Test "Real Name Test" 12.04.2000
1611678949794:a
1611678965788:a+
1611678972062:a+ sdjkfh njkn kjhkj
1611691999545:a
1611692489806:a+ q
1611692499726:stacktrace
1611692611906:a+ jdfhkfdjh
1611692646411:a+ "Тестов Тест Тестович" "Тестов Т.Т." 12.01.2000
1611692655697:a
1611692672566:a 1
1611692676540:a
1611693083398:a+ "Тестик Т.Т." "Тестов Тест Тестович" 12.01.1980
1611693097642:a
1611693102558:a- 6
1611693104790:a
1611693123830:a- 6
1611693274338:a
1611693280840:a+ Test
1611693285502:a- 6
1611693296990:a
1611693301791:a -2
1611693314440:a- 2
1611693366295:ф
1611693368822:a
1611693372541:a+ Test
1611693375983:a- 6
1611693381399:a -2
1611693383295:a
1611693393090:a 1
1611693469609:a
1611693477183:a 1 2
1611693486596:a 2 2
1611752576618:a
1611752662461:a+ Test "est Test" 12.10.1980
1611752667383:a
1611752673063:a- 6
1611752745313:stacktrace
1611752773807:a
1611752776505:a- 6
1611752843140:a
1611752847853:a+ Test
1611752849873:a
1611752853090:a- 6
1611752989914:a- 5
1611753078580:a
1611753087923:a+ Test
1611753088970:a
1611753095193:a- 6
1611753106393:a
1611753128190:a? Стругацкий
1611753165141:a
1611753171325:a? Струг
1611753382045:a? Стру
1611753412183:a? Струг
1611753477843:a? Струн
1611753491109:a? Струг
1611753510024:a? Стругацкий
1611753561451:a? Струг
1611753837275:a+ Test "Тестов Тест" 12.01.1981
1611753840303:a
1611753864240:a- 1
1611753877070:a -1
1611753881151:a- 1
1611753972176:a+ 1
1611753974559:a
1611753977958:a? 1
1611753989599:a- 6
1611753990951:a
1611754229183:q
1611754232406:help
1611754263165:help a+
1611754280234:exit
1611754444493:a+ Test "Тестов Тест" 12.01.1980
1611754447015:a
1611754452946:a? test
1611754458112:a? Test
1611754462469:a
1611754466575:a- 6
1611754470846:a
1611754474191:exit
1611755408975:a
1611755411990:exit
1612131373291:a
1612131379738:help
1612131387652:a?
1612131392369:help a?
1612131406257:a? Струг
1612132199402:exit
1612430658063:a
1612434016504:a+
1612434023772:a+ Test Test
1612434079182:a
1612434083457:a? test
1612434088612:a? Test
1612559980799:help
1612559991981:book-find-by-id 1
1612559996293:stacktrace
1612560340980:рудз
1612560342933:help
1612560354379:book-find-by-id
1612560361926:book-find-by-id 1
1612560389208:help
1612560398462:book-find-by-id 1
1612653732555:a?
1612653736608:exit
1612809335828:help
1612809348093:book-find-by-id 1
1612809357354:stacktrace
1612809649389:b
1612822612349:b 2
1612822621007:help b
1612822636592:b -p=0 -s=2
1612822647084:b -p 0 -s 2
1612898671932:b -p 0 -s 1
1612898695610:b -p 0 -s 2
1612907919802:b -p 0 -s 1
1612907932541:b -p 1 -s 2
1612907944724:stacketrace
1612907950882:stacktrace
1612907961285:b -p 1 -s 2
1612907967311:stacktrace
1612908270289:b -p 0 -s 2
1612908318304:b -p 1 -s 2
1612981160082:b -p 0 -s 10
1612981291920:b?id 1
1612989988883:b+
1612990035794:3
1612990057822:b+
1612990060683:3
1613207903818:a
1613207906081:b
1613207910191:quit
1613249705724:b+
1613250043511:help book
1613250047215:book
1613250049320:help
1613250107320:b
1613250113193:b?id 1
1613250135828:help a?
1613250217126:b+
1613251855635:help b+
1613251910102:b+ Test 1234 Фантастика "тругацкий Натан, Стругацкий иии"
1613251920887:a
1613252032981:b+alt
1613252179887:b+
1613252182817:help
1613252250565:b+ shdgfsdhjg sdfjhshdj 1 1,2
1613253728675:b+ test test 1 a,2
1613253739191:b+ test test 1 1,2
1613253812306:b+ test isbn 1 1,2
1613254252866:stacktrace
1613254277771:b+ test isbn 1 1,2
1613254871508:stacktrace
1613255100216:b+ test isbn 1 12
1613255148339:stacktrace
1613255174992:b+ test isbn 1 1,2
1613255232975:b+ test isbn2 2 1,2
1613255263079:b
1613255307032:b+ test isbn 1 1,2
1613255322775:b+ test2 isbn2 2 1,2,3,4
1613255344774:b+ test3 isbn3 3 1,2,3,4,5
1613255387447:b+ test3 isbn3 4 1,2,3,4,5
1613255442964:b+ test isbn 3 1,2,3,4,5,6
1613255927910:b+ "Сто лет спустя" 1111 3 3
1613256573869:b+ "Test tesing" 1234 1 3
1613256649695:b
1613256754958:b+ "estin test" 1234 3 1,2
1613256761361:b
1613257006606:b+ test 1234 1 1,2
1613257009938:b
1613257017730:b- 5
1613257075341:b+ test 1234 1 1,2
1613257077427:b
1613257081787:b- 5
1613257083634:b
1613257091770:b- 5
1613258044565:и
1613258046520:b
1613258060227:b? Трудно
1613258140526:b? Стругацкий
1613258146950:a
1613258166259:help b?
1613258186114:b? -b Трудно
1613258200720:b? Струг
1613258212278:b? -n Струг
1613258232248:b? -g Фантастика
1613258250115:b? -g Фантастика -b Трудно
1613258305385:b? -n Струг
1613258329564:b? -a Струг
1613258575545:b? Струг
1613259079622:stacktrace
1613259205548:b? Струг
1613259299160:b? -a Струг -b Трудно -g Фантастика
1613259312023:b? -b Трудно -g Фантастика
1613259604549:b? Струг -g Фан -b Тру
1613259692295:b? Струг -g Фан
1613259703231:b? Струг -b Тру
1613259710080:b? -g Фан -b Тру
1613259718177:b? -g Фан
1613259749707:g
1613260276914:a
1613260278728:b
1613260284048:quit
1613312890288:g
1613312894671:a
1613312896288:b
1613313014642:п
1613313016340:g
1613595796566:b+ help
1613595800020:help b+
1613595809164:a
1613595822213:g
1613595841406:b+ test 1234 1 1
1613595847796:b
1613595873872:b? help
1613595877661:help b?
1613595890733:b? Стру
1613595905906:b? -g При
1613595916839:b? -g Ф
1613596017240:b? -b стров
1613596036929:b? -b стров -g П
1613596057078:b? -b стров -g П -a Стру
1613596067708:b? -b стров -g П -a Сти
1613596074645:quit
1613848214580:a
1613855925576:b
1613855933909:b? help
1613855938303:help b?
1613855970182:b? -a Твен -g Прик
1613856095166:b
1613856106071:b? -a Твен
1613856119639:b? -a Твен -g Прик
1613856133165:b? -g Прик
1613856151717:b? -g Юмор
1613918371421:books-find
1613918374708:exit
1613938254240:ф
1613938255774:a
1613938270484:a+ Test 12.04.2000
1613938286604:a+ Test2
1613938291009:a+ Test
1613938302411:help a+
1613938311839:a- 7
1613938337128:a+ -name Test -birthday 12.01.2000
1613938348173:a+ -real-name Test
1613938352058:a
1613938382579:a? Test
1613938389226:b
1613938414994:b+ Test ISBN 1 10,11
1613938427322:b+ Test ISBN 1 10,9
1613938439053:b+ Test ISBN 1 1,2,3,4,5
1613938447937:a- 1
1613938531321:и- 9
1613938534098:b- 9
1613938543664:a
1613938548699:a- 4
1613938571715:g
1613938581162:b?id 3
1613938589358:b? ост
1613938597585:help b?
1613938610336:b? стр
1613938625418:b? Стр
1613938645916:b? Стр Фан
1613938670661:b? Стр Фан е
